10.72	303.87
5	251
7.64	232.91
13.16	249.88
13.5	264
14	183.5
16	232
17.36	295.55
21.16	256.34
19.12	285.21
21.1	174.3
25.8	154.75
24.13	299.22
25	187.44
24	264
29	278.15
30.87	325.72
31	167.92
42.66	136.03
31	234.17
32.09	260.36
31.33	178.33
32.62	363.38
34.61	304.04
35	229.07
37.44	350.12
38	251
39	155.14
37.6	372.4
40.79	146.93
40	283.65
40.78	184.11
39.2	274.6
41	333.84
43.42	172.15
43.78	216.61
45.14	235.35
43.5	368.71
45.8	263.89
43.75	381.75
47.27	342.27
48.5	250.67
50.96	207.68
49	279
50.2	297.5
52.29	152.82
55.59	225.38
55	283
56.88	109
55.36	357.4
55.91	382.36
57.41	132.06
56.5	198
57.59	255.05
57.09	267.36
59.28	213.06
57	330.5
60.82	122.76
61	191
64	285.8
61.5	392
67.43	376.22
65	98.5
65.29	250.68
64.23	407.46
66.28	112.89
66.43	154.09
65.5	230
67.73	212.67
66	225
69.11	200.11
69.5	133.5
71.43	173.93
75	189
76.31	228.31
77	326.23
76	96
77	143.16
76.53	213.29
78.17	243.48
77.33	281.5
79.87	294.2
79.5	102.29
79.22	202.26
81.51	401.57
82.88	147.59
84.6	118.75
86	191.31
85.88	306.84
86.2	333.4
86.94	267.59
88.3	219.9
88.89	156.67
97.08	88.58
92	297.47
92.07	132.87
92	143
93.28	343.79
93.75	320.21
95	242.5
95.8	402.77
95.93	120.33
96.27	187
96.43	160.29
97.47	251.13
97.21	281
99.23	418.3
102.55	439.8
98.86	178.29
99.67	215.67
99.36	429.21
101.96	301.57
100.62	370.62
102.92	140.14
102.64	206.45
100.5	383
104.07	268.49
103.23	325.23
105.57	127.98
105.71	110.86
105	237.5
107.34	361.7
106.86	342.86
106	391.5
109.97	382.9
110	67
110.88	147
112.67	186.33
113.93	323.93
114.25	81.62
113.5	245
114.9	268.9
114.45	396.82
115.43	280.71
115.51	299.74
116.05	344.32
116.36	427.33
117.04	409.7
120.41	126.93
119.71	200.82
119.75	210
121.42	234.77
120.53	376.67
121.36	359.32
122.84	74.895
122.57	89.29
124	163.88
124	246
124.81	267.3
126.91	138.51
125.5	94.5
127	214
128.6	401.5
131.41	254.44
131	331
131.91	432.36
132.5	446
134.11	310.11
134.43	157.86
135.69	206.23
133.5	270
133.5	292
134.62	360.46
134	458
136.17	124.17
136.77	143.77
135.88	384.12
139	169.66
136.5	409
140.61	248.87
143.27	305.54
141.41	392.09
144.15	75.208
143.07	116.18
141.67	264.33
144.86	198.93
144.5	327
144.92	430.2
146.48	291.96
145.17	410.83
147.67	336.67
149.5	160.41
147.5	180
147	272
148.4	276.2
149	239
152.53	255.76
155.85	217.5
153.76	386.66
157.52	72.589
155.42	96.69
155.5	120.09
153.88	300
153.25	423
155.69	399.56
156	321.5
155.71	347
158.5	51.5
160.96	366.14
159.54	409.85
162.15	294.49
161.13	387.91
163.12	127.59
163.29	234.42
163.07	256.93
164.2	330.86
165.76	186.21
165	200.5
167	164.5
169.11	53.611
167.4	376.2
168.91	64.273
169.8	92.6
170.36	121.21
171.5	107.5
172.25	213.75
171	445
174.14	255.36
173.92	288.08
173.71	471
175.44	228.62
175.7	378.61
176.94	127.91
176	178
184.98	46.733
178.85	319.67
178.47	353.65
179.64	438.39
178.91	57.364
180.36	145.96
182.27	298.33
183.46	365.71
184.5	65.816
183	281.5
183	447
185.96	185.25
186.17	417.17
187.39	262.18
187.08	427.17
189	126
188.33	212
191.68	84.63
189.5	247.5
190.08	318.58
192.56	338.33
191.29	406.57
192.18	442.89
193.35	140.39
192	238
192.12	271.88
193.39	305.13
193.5	38.5
195.31	116.06
194.33	148.67
195.2	230.5
197.21	422.38
198.5	217.18
197.5	189.5
199.57	450.62
201	179.83
202.23	77.571
201.27	126.2
200.5	348.5
201.6	44.8
204.4	235.6
204.14	336.07
204.62	394.4
205.09	273.36
205.14	304.57
205.4	244.2
206.96	375.39
206	131
207	254.5
209.41	160.82
211.05	38.842
210.93	68.733
212.37	223.67
211.36	172.21
212.14	117.57
214.52	316.67
214.62	381.04
220.1	99.58
212	106.5
216.14	248.24
213.43	416.29
217.25	53
216.4	261.25
215.5	301
217.83	329.17
221.93	72
221.88	391.47
223.36	141.88
224.75	158.12
222	469.5
226.08	113.8
225.17	310.5
226.51	454.95
226.65	198.41
226.83	188.83
227.25	257.62
228.41	331.82
230.18	65.364
227.8	269.4
229.59	244.15
230.5	79
231.63	207.37
230.57	471.23
231.2	178.4
231	357.71
233.65	147.88
233.4	295
233	321
232.5	421
232.4	164.8
233.5	216.5
234.27	312.41
234.17	345.17
235.94	120.64
239.54	83.08
239.59	219.59
238.62	432.62
239.32	157.16
239	247
241.64	37.077
240.62	283.15
241.74	71.316
241	183.5
242.16	452.06
241.93	92.93
243.49	473.28
243.94	305.2
244.41	319.46
243.61	399.5
246.17	203.55
249.7	444.56
245	49
246.5	431.5
247.86	374.57
248.3	383.2
249.69	151.06
248	390
249.67	218.33
251.82	63.474
252.58	236.97
252.14	418.54
254.71	465.18
252.75	395.08
253.33	44.667
255.22	93.56
253.92	120.83
254.8	192.6
255.94	260.83
258.43	103.81
258	31
259.2	209.3
259.29	279
258.67	369.33
261.55	39.727
261.11	307.85
259	411.5
263.06	72.611
262.5	114.29
263.62	59.577
261.4	153.2
263.45	168.44
262	445.5
264.4	345.8
266.47	234.33
266.47	259.84
265.43	395.71
266.5	459.71
267.8	87.4
268.12	98.25
269.06	329.61
268.5	134
270.86	197.93
270.85	269.92
271	315.54
271.78	187.39
271.25	359.12
270.8	429.3
272.59	148.23
272.25	467.38
274.89	65.679
274.06	78.75
273.14	408
275.12	137.76
274.41	224.06
275.69	31.828
275.25	117.42
274	477.5
276.71	213.5
277.05	361.75
276.73	396.33
277.96	92.79
277.94	423.19
279.75	262.58
281.52	434.71
281.56	304.88
282.81	450.44
283	312.5
284.25	477.62
285.44	73.96
285.24	63.273
286.03	157.26
285.65	466.87
287.4	418.6
288.97	35.944
288.94	276.5
288.6	350.38
290.04	403.39
291.23	301.65
290.64	332.79
289	375.5
291.22	456.13
291.07	317.6
292.5	136.5
294.69	394.62
295.5	167
296.62	471.62
298.29	80.532
297.42	368.21
298.41	418.1
298.38	446.31
298.57	286.62
299.32	379.32
299.1	482.1
302.18	151.77
300.69	318.91
303.1	406.8
301.5	308
304.5	60.273
303	124
304.07	178.5
303	301
305.73	333.91
306.87	457.98
307.21	266.79
308.38	431.67
308.2	34.4
308.91	346.45
309.55	281.81
312.12	22.488
309.88	353.12
311.42	384.62
310.29	470
310	176
311.27	367.73
314.28	247.89
313.67	164.67
313.8	413.8
314.33	48.667
318.15	79.528
317.44	155.33
317.39	395.13
318.37	473.53
320.71	304.39
322.34	426.98
319.68	172.64
320	378.07
320.81	145.19
322.24	163.71
322.73	356
324.67	53.857
324	346.5
324.82	407.06
326.56	37.333
324.91	97.64
326.96	368.11
325.5	464.67
326.03	480.24
328.77	24.423
329.15	150.23
331.61	331.71
329.91	379.91
331.94	134.26
330	451.5
333.69	88.06
334.06	395.69
334.38	419.81
335.33	459.06
338.03	377.1
338.55	468.98
339.12	117.88
339	387.29
340.17	133.17
341.13	403.93
340.89	29.333
340.75	446.25
343	73
344.92	89.89
341.5	283
346.2	434.93
344.43	296.33
344	309
346	395
346.3	484.67
348.13	39.217
347.68	190.42
349.28	457.61
349.77	349.42
350.5	417
351.09	202.09
350.5	61.5
352.12	149.65
352.71	17
354	132.4
353.81	179.69
353.75	400.67
354.53	326.13
355.33	75.667
358.48	48.565
356.67	368.67
359.89	469.36
358.94	485.73
360.16	190.76
359.93	353.6
361.16	307.16
360	363.5
360.5	105
361.97	290.52
362.43	451.96
362.56	202.76
364.97	342.32
364.35	435.61
368.4	406.07
370.43	53.143
369.53	322.87
368.5	413.5
370.73	484.76
369.54	35.308
371.44	89.7
371.83	158.78
372	64
372.25	465
374.3	146.03
372.64	185.86
373	197.5
372	20
374.17	338
375.88	328.96
375	439.8
375.5	136.5
376.71	307.67
381.07	435.12
377.57	127.07
378.4	373.07
381.06	420.78
378.25	414
381.04	219.39
379	346.5
381.04	388.19
381.5	55.5
381.89	138.33
381	290.5
383.61	398.26
384.3	458.76
383.16	470.16
385.62	199.92
387.36	20.818
387.56	67.407
387.06	325.18
386.28	335.94
386.67	123.33
387.82	166.73
389	188
389.5	144
390.03	480.39
391.45	448.59
391.56	157.62
393.43	215.6
393.42	470.79
395.12	47.333
393.5	424
395.88	302.17
396.43	179.71
396	335.5
396.5	379.23
398.84	437.38
400.26	32.421
399.5	138.72
400.08	199.08
401.52	456.59
401.68	474.71
402.5	41
402.92	120.75
406	313.97
404.7	425.7
405.2	146.4
408.09	23.412
405	467.5
408.52	279.19
409.07	45.733
408.8	82.33
408.5	157.71
408.39	214.09
408.15	392
410.16	59.316
409.03	182.87
409.93	430.64
412.11	98.17
409.91	399.27
411.3	416.7
414.57	196.7
415.29	221.57
413	303
415.75	166.67
418.21	318.64
415.33	451.67
418.32	121.32
416.83	439.17
417.33	479.67
419.14	214.57
420.69	18.062
420.27	174.14
424.29	271.71
425.77	196.18
426.79	298.19
426.68	457.26
426	85.5
426.46	102.15
427	132
426.73	223.33
428.74	55.953
428	44.308
427.6	366.8
430.09	383.7
429.29	448.88
430.38	15.688
432	89
432.33	119.67
433.71	274.57
435.46	306
434.75	396.38
436.03	264.97
437.14	103.45
438.13	141.43
437.76	329.55
437.91	435.91
439	44
439.96	211.35
439.88	412.67
444.25	457.81
440.33	178.33
440.5	440.5
442	350
445.87	427.54
443	70.714
444.79	81.39
442.4	289.8
444.58	373.65
443.57	275.71
445.46	360.96
448.68	230.48
445.5	307.5
449.42	172.84
449	93
449.5	417
451	189.5
454.32	36.661
454.12	490.52
455.31	206.56
454.07	267.86
455.15	217
457.5	69.955
456.88	181.53
457.15	355.07
457.5	52.727
457.9	403.29
458.42	472.75
460.39	86.39
459.82	411.61
461.51	460.87
461.5	171.5
460	423.5
464	446
465.45	224.64
467.14	299.27
466.4	134.2
465.4	309.8
468.29	406.16
468.15	423.93
469.42	281.03
467.89	354.33
470.15	75.231
473.67	28.547
471.12	434.33
470.4	204.8
472.71	469.45
473.5	196.71
472.5	264.7
473.39	89.89
474.8	141.12
473	344
475.72	412.87
475.38	105.54
474.5	452
476.7	42.913
477.35	305.19
475.5	328
478.22	97.78
478.09	207.64
480.5	283.5
481.5	118.5
481.77	361.83
483.39	83.91
481.4	476.8
482.57	72.286
484.15	132.7
483.81	223.95
486.22	191.91
484.5	455.5
485.92	42.615
485.5	247
488.92	378.37
487.66	429.76
488.75	64.583
488.89	105.64
487	212
488.78	471.04
492	91
491.04	284.89
491.39	304.74
491	388.29
492.12	449.67
492	399
494.32	78.706
493.5	329
495.18	55.071
494.94	141.58
493.71	157
495.69	42.222
494.8	232.5
496.71	338.09
496.26	419.22
496.81	186.94
497.92	316.83
499.76	108.47
499.09	444.73
501	307.14
504.14	428.93
499.67	457.83
500.72	478.6
502.16	209.34
502.53	352.88
504.42	411.67
502.62	234.88
504.08	389.42
505.09	61.217
504.18	123.09
506.79	73.342
505	329.5
506	194
508.5	49.5
508.5	91.5
511.31	107.19
511.79	346
512.96	160.56
514.64	306.36
514	359
515.29	468.55
519.12	38.786
518.32	332.64
518.93	205.67
519.2	323.6
520.67	414.41
522.71	56.971
521.61	355.39
522.83	87.07
523.63	481.39
523.41	289.12
523.96	314.61
523.88	343.62
523.83	380.61
525.91	164.82
526.78	67.522
525.33	97.33
525.69	102.85
528.93	404.18
531.71	461.86
530	216.95
530.72	228.91
532.35	427.5
534.29	51.129
533.42	109.75
534.59	74.118
533.5	434.5
536.15	39.7
534.6	318.2
535.27	383.93
535.31	476.69
537	190.52
535.33	237.5
536.91	330.23
535.33	445.67
537.59	94.47
537.7	103.7
537.6	180.8
538.83	307.67
538.5	294.5
541.74	369.34
539.83	170.06
541.12	220.88
543.62	204.04
542	421
545.72	453.39
545.81	57.115
545.76	234.41
545.9	347.52
548.36	25.738
547.31	312.88
546.96	433.25
546.5	475
548.52	130.81
547.9	181.8
547.54	325.15
548.92	383.19
549.62	94.86
551.13	161.83
550.38	43.438
552.5	66.188
554	33
554.65	75.304
553.57	197.86
556.99	407.16
553	421
555.86	299.93
557.33	323.62
557.67	373.88
558.5	140.5
557.62	186.96
556.88	471.75
558.2	50.4
558.6	386.6
558	310
560.11	438.49
560.43	448.86
561.76	338.76
562.65	160.26
565.35	62.161
563.18	172.91
564.11	464
565.2	100
566.45	360.67
567.09	457.45
567.62	45
567	182.71
567.29	379.43
568.44	321.08
568	391
568.38	403.31
569	142
571.84	412.26
571.55	446.14
574.11	230
573.03	432.94
573.5	124
573.82	161.12
574.55	148.91
574.62	399.21
576.31	200.19
575.7	355
578.72	419.78
579.28	112.33
579.94	92.77
579.32	181
580	242.65
579.89	215.11
579.5	372.5
582.27	311.8
582.71	443.12
584.28	77.96
584.39	327.33
584.82	50.941
584.73	361.93
584.88	164.12
586.32	350.81
586.71	402.37
586.33	461.67
591.06	66.903
591.18	100.21
590.57	120.86
590.71	437.64
592.27	383.59
592.27	89.14
593.77	219.6
594	208
594.9	392.1
596	34.714
596.72	427.64
597.59	231.88
597.52	346.74
598.75	77.15
598.54	188.85
597	312
597.57	443.29
599.09	416.36
599.5	159
599.33	175.5
603.6	62.707
602.81	98.69
604.37	141.83
602.4	204.6
604.81	214.84
608.65	191.6
608.47	409.12
608.8	430.04
608.2	224.4
609.08	396.58
610.73	105.19
608.83	131.17
609	151.71
609.79	449.36
611.38	374.05
612	363.71
614.25	118.67
616.65	174.96
614.6	342.07
615	351.5
616.47	73.133
617.71	111
618.65	185.1
619.81	387.75
620.83	59.8
621.28	226.66
621.88	401.44
623.14	441.89
622.81	411.38
625.86	103.71
625.36	137.82
626.04	190.88
625.62	234.46
626.16	345.21
627.87	127.4
629.65	161.97
629.81	74.774
629.6	87.3
630.41	147.29
631.27	204.41
630.73	215.82
631.11	65.333
631.93	172.6
632.58	355.74
631.2	396.15
632.4	415.25
635.74	441.44
635.2	373
636.5	138.5
638.3	381.75
637.29	428.86
639.8	183.13
641.15	404.67
640.5	359.5
642.17	195.17
643.91	64.636
644	151.5
643.6	348.8
645	133.5
646	73.286
646.64	141.55
646.5	224.5
647.77	393.5
647.17	210.17
647	432.5
648.59	340.18
648.89	92.33
651.81	121.23
652.23	161.36
651.71	197
653.11	404.58
653.5	42.5
652.5	353
656.41	416.26
657.84	102.26
657.67	342.5
660.33	198.56
661.65	85.7
661.43	427.86
662.22	220.89
663.29	378.16
662.71	210.14
665.35	144.87
665.73	112.07
664.5	123
666.5	367.58
667	251.5
668.79	234.03
667.5	331.5
672.48	214.3
671	164.5
672.93	182.89
674	245
677.33	309.15
678.68	349.57
678.79	263.05
679.17	328.28
681.42	237.33
683.03	162.34
681	192
682.65	225.91
683.15	279.92
688.9	265.17
687.4	294.2
689.88	206.65
691	274
691.88	347.41
691	217.5
694.62	301.66
693.47	334.63
692.75	387.38
694.53	167.53
695.87	288.53
696.17	364.72
697.46	378.73
697.5	258
700.29	213.71
700.85	147.7
701	229.5
700.53	268.67
701.69	200.46
702.84	250.16
704.44	327.02
705.22	290.39
705.71	368.5
707.96	355.2
706.11	385.33
706.8	301.5
709.36	185
711.67	194.52
710.94	267.38
711.39	257.28
710.92	375.58
713.68	318.04
715.62	226
715.38	341.62
714	359
717.92	245.25
718.42	290.75
719.81	205.62
719.3	327.3
723.09	362.44
722.57	187.65
723	166.69
725.29	258.64
727.1	197.9
726.64	250.64
727.67	219.11
726.33	349.17
728.56	326.44
732.2	170.85
731.86	300.43
733.62	209.5
740.69	283.19
740.8	244.7
742.48	216.35
742.25	228.42
743	205
749.5	289.5
759.67	239.33
